********************************************************************************
product = Open Liberty 22.0.0.10 (wlp-1.0.69.cl221020220912-1100)
wlp.install.dir = C:/Users/LocalAdmin/OneDrive/INF/SEM7/Shipyard/target/liberty/wlp/
java.home = C:\Program Files\Java\jdk-17
java.version = 17
java.runtime = Java(TM) SE Runtime Environment (17+35-LTS-2724)
os = Windows 10 (10.0; amd64) (en_US)
process = 1208@LUKASZ
Classpath = C:\Users\LocalAdmin\OneDrive\INF\SEM7\Shipyard\target\liberty\wlp\bin\tools\ws-server.jar
Java Library path = C:\Program Files\Java\jdk-17\bin;C:\Windows\Sun\Java\bin;C:\Windows\system32;C:\Windows;C:\Program Files\Eclipse Adoptium\jdk-11.0.15.10-hotspot\bin;C:\Program Files\Java\jdk-17\bin;C:\Program Files\Common Files\Oracle\Java\javapath;C:\Program Files (x86)\Common Files\Oracle\Java\javapath;C:\Program Files (x86)\Razer Chroma SDK\bin;C:\Program Files\Razer Chroma SDK\bin;C:\Program Files (x86)\Razer\ChromaBroadcast\bin;C:\Program Files\Razer\ChromaBroadcast\bin;C:\Windows\system32;C:\Windows;C:\Windows\System32\Wbem;C:\Windows\System32\WindowsPowerShell\v1.0\;C:\Windows\System32\OpenSSH\;C:\Windows\system32\config\systemprofile\AppData\Local\Microsoft\WindowsApps;C:\Users\LocalAdmin\AppData\Local\Programs\Python\Python39\Scripts\;C:\Users\LocalAdmin\AppData\Local\Programs\Python\Python39\;C:\Users\LocalAdmin\AppData\Local\Microsoft\WindowsApps;C:\Users\LocalAdmin\AppData\Local\Programs\Microsoft VS Code\bin;C:\Program Files\PuTTY\;C:\Program Files\dotnet\;C:\Program Files\Git\cmd;C:\Program Files\nodejs\;C:\ProgramData\chocolatey\bin;C:\Program Files\Docker\Docker\resources\bin;C:\ProgramData\DockerDesktop\version-bin;C:\Program Files (x86)\dotnet\;C:\Users\LocalAdmin\ChromeWebdriver;C:\Program Files\Go\bin;C:\Users\LocalAdmin\Documents\apache-maven-3.8.6\bin;C:\Ruby31-x64\bin;C:\Users\LocalAdmin\AppData\Local\Programs\Python\Python39\Scripts\;C:\Users\LocalAdmin\AppData\Local\Programs\Python\Python39\;C:\Users\LocalAdmin\AppData\Local\Microsoft\WindowsApps;C:\Users\LocalAdmin\AppData\Local\Programs\Microsoft VS Code\bin;C:\Program Files\JetBrains\IntelliJ IDEA Community Edition 2021.2.2\bin;;C:\Users\LocalAdmin\.dotnet\tools;C:\Users\LocalAdmin\AppData\Roaming\npm;C:\Program Files\nodejs\;C:\Users\LocalAdmin\AppData\Local\GitHubDesktop\bin;C:\ProgramData\LocalAdmin\GitHubDesktop\bin;C:\Users\LocalAdmin\Documents\flutter\bin;C:\Program Files\JetBrains\PyCharm 2021.3.3\bin;;C:\Users\LocalAdmin\ChromeWebdriver;;C:\Program Files\JetBrains\IntelliJ IDEA 2022.1.2\bin;;C:\Program Files\JetBrains\WebStorm 2022.1.2\bin;;C:\Exercism;C:\Program Files\JetBrains\GoLand 2022.2.3\bin;;C:\Users\LocalAdmin\go\bin;.
********************************************************************************
[11.10.2022, 16:55:13:784 CEST] 00000001 com.ibm.ws.kernel.launch.internal.FrameworkManager           A CWWKE0001I: The server defaultServer has been launched.
[11.10.2022, 16:55:14:188 CEST] 00000001 com.ibm.ws.kernel.launch.internal.FrameworkManager           I CWWKE0002I: The kernel started after 0,541 seconds
[11.10.2022, 16:55:14:196 CEST] 00000030 com.ibm.ws.kernel.feature.internal.FeatureManager            I CWWKF0007I: Feature update started.
[11.10.2022, 16:55:14:378 CEST] 00000025 com.ibm.ws.app.manager.internal.monitor.DropinMonitor        A CWWKZ0058I: Monitoring dropins for applications.
[11.10.2022, 16:55:14:551 CEST] 00000036 com.ibm.ws.app.manager.AppMessageHelper                      I CWWKZ0018I: Starting application Shipyard-1.0-SNAPSHOT.
[11.10.2022, 16:55:14:552 CEST] 00000036 bm.ws.app.manager.war.internal.WARDeployedAppInfoFactoryImpl I CWWKZ0134I: The Shipyard-1.0-SNAPSHOT application is using the loose application definition at the C:\Users\LocalAdmin\OneDrive\INF\SEM7\Shipyard\target\liberty\wlp\usr\servers\defaultServer\dropins\Shipyard-1.0-SNAPSHOT.war.xml location.
[11.10.2022, 16:55:14:725 CEST] 00000036 com.ibm.ws.session.WASSessionCore                            I SESN8501I: The session manager did not find a persistent storage location; HttpSession objects will be stored in the local application server's memory.
[11.10.2022, 16:55:14:737 CEST] 00000036 com.ibm.ws.webcontainer.osgi.webapp.WebGroup                 I SRVE0169I: Loading Web Module: Shipyard-1.0-SNAPSHOT.
[11.10.2022, 16:55:14:738 CEST] 00000036 com.ibm.ws.webcontainer                                      I SRVE0250I: Web Module Shipyard-1.0-SNAPSHOT has been bound to default_host.
[11.10.2022, 16:55:14:739 CEST] 00000036 com.ibm.ws.http.internal.VirtualHostImpl                     A CWWKT0016I: Web application available (default_host): http://localhost:9080/Shipyard-1.0-SNAPSHOT/
[11.10.2022, 16:55:14:767 CEST] 0000003b com.ibm.ws.webcontainer.osgi.mbeans.PluginGenerator          I SRVE9103I: A configuration file for a web server plugin was automatically generated for this server at C:\Users\LocalAdmin\OneDrive\INF\SEM7\Shipyard\target\liberty\wlp\usr\servers\defaultServer\logs\state\plugin-cfg.xml.
[11.10.2022, 16:55:14:794 CEST] 0000003a com.ibm.ws.session.WASSessionCore                            I SESN0176I: A new session context will be created for application key default_host/Shipyard-1.0-SNAPSHOT
[11.10.2022, 16:55:14:800 CEST] 0000003a com.ibm.ws.util                                              I SESN0172I: The session manager is using the Java default SecureRandom implementation for session ID generation.
[11.10.2022, 16:55:14:829 CEST] 0000003a com.ibm.ws.app.manager.AppMessageHelper                      A CWWKZ0001I: Application Shipyard-1.0-SNAPSHOT started in 0,277 seconds.
[11.10.2022, 16:55:14:839 CEST] 00000030 com.ibm.ws.tcpchannel.internal.TCPPort                       I CWWKO0219I: TCP Channel defaultHttpEndpoint has been started and is now listening for requests on host kubernetes.docker.internal  (IPv4: 127.0.0.1) port 9080.
[11.10.2022, 16:55:14:844 CEST] 00000030 com.ibm.ws.kernel.feature.internal.FeatureManager            A CWWKF0012I: The server installed the following features: [el-3.0, jsp-2.3, servlet-3.1].
[11.10.2022, 16:55:14:844 CEST] 00000030 com.ibm.ws.kernel.feature.internal.FeatureManager            I CWWKF0008I: Feature update completed in 0,656 seconds.
[11.10.2022, 16:55:14:844 CEST] 00000030 com.ibm.ws.kernel.feature.internal.FeatureManager            A CWWKF0011I: The defaultServer server is ready to run a smarter planet. The defaultServer server started in 1,198 seconds.
[11.10.2022, 16:55:17:517 CEST] 0000003c com.ibm.ws.http.internal.VirtualHostImpl                     A CWWKT0017I: Web application removed (default_host): http://localhost:9080/Shipyard-1.0-SNAPSHOT/
[11.10.2022, 16:55:17:527 CEST] 0000003c com.ibm.ws.app.manager.AppMessageHelper                      A CWWKZ0009I: The application Shipyard-1.0-SNAPSHOT has stopped successfully.
[11.10.2022, 16:55:17:531 CEST] 0000003c com.ibm.ws.app.manager.AppMessageHelper                      I CWWKZ0018I: Starting application Shipyard-1.0-SNAPSHOT.
[11.10.2022, 16:55:17:531 CEST] 0000003c bm.ws.app.manager.war.internal.WARDeployedAppInfoFactoryImpl I CWWKZ0134I: The Shipyard-1.0-SNAPSHOT application is using the loose application definition at the C:\Users\LocalAdmin\OneDrive\INF\SEM7\Shipyard\target\liberty\wlp\usr\servers\defaultServer\dropins\Shipyard-1.0-SNAPSHOT.war.xml location.
[11.10.2022, 16:55:17:567 CEST] 0000003c com.ibm.ws.webcontainer.osgi.webapp.WebGroup                 I SRVE0169I: Loading Web Module: Shipyard-1.0-SNAPSHOT.
[11.10.2022, 16:55:17:567 CEST] 0000003c com.ibm.ws.webcontainer                                      I SRVE0250I: Web Module Shipyard-1.0-SNAPSHOT has been bound to default_host.
[11.10.2022, 16:55:17:567 CEST] 0000003c com.ibm.ws.http.internal.VirtualHostImpl                     A CWWKT0016I: Web application available (default_host): http://localhost:9080/Shipyard-1.0-SNAPSHOT/
[11.10.2022, 16:55:17:575 CEST] 00000030 com.ibm.ws.session.WASSessionCore                            I SESN0176I: A new session context will be created for application key default_host/Shipyard-1.0-SNAPSHOT
[11.10.2022, 16:55:17:575 CEST] 00000030 com.ibm.ws.util                                              I SESN0172I: The session manager is using the Java default SecureRandom implementation for session ID generation.
[11.10.2022, 16:55:17:585 CEST] 00000030 com.ibm.ws.app.manager.AppMessageHelper                      A CWWKZ0003I: The application Shipyard-1.0-SNAPSHOT updated in 0,054 seconds.
[11.10.2022, 16:55:17:642 CEST] 0000003a com.ibm.ws.webcontainer.osgi.mbeans.PluginGenerator          I SRVE9103I: A configuration file for a web server plugin was automatically generated for this server at C:\Users\LocalAdmin\OneDrive\INF\SEM7\Shipyard\target\liberty\wlp\usr\servers\defaultServer\logs\state\plugin-cfg.xml.
[11.10.2022, 16:55:17:654 CEST] 0000003d com.ibm.ws.webcontainer.osgi.mbeans.PluginGenerator          I SRVE9103I: A configuration file for a web server plugin was automatically generated for this server at C:\Users\LocalAdmin\OneDrive\INF\SEM7\Shipyard\target\liberty\wlp\usr\servers\defaultServer\logs\state\plugin-cfg.xml.
[11.10.2022, 16:55:24:759 CEST] 00000020 com.ibm.ws.kernel.launch.internal.ServerCommandListener      A CWWKE0055I: Server shutdown requested on wtorek, 11 paüdziernika 2022 at 16:55. The server defaultServer is shutting down.
[11.10.2022, 16:55:24:761 CEST] 0000005e com.ibm.ws.runtime.update.internal.RuntimeUpdateManagerImpl  A CWWKE1100I: Waiting for up to 30 seconds for the server to quiesce.
[11.10.2022, 16:55:24:764 CEST] 00000055 com.ibm.ws.tcpchannel.internal.TCPChannel                    I CWWKO0220I: TCP Channel defaultHttpEndpoint has stopped listening for requests on host kubernetes.docker.internal  (IPv4: 127.0.0.1) port 9080.
[11.10.2022, 16:55:24:764 CEST] 00000055 com.ibm.ws.http.internal.VirtualHostImpl                     A CWWKT0017I: Web application removed (default_host): http://localhost:9080/Shipyard-1.0-SNAPSHOT/
[11.10.2022, 16:55:24:766 CEST] 0000005e com.ibm.ws.runtime.update.internal.RuntimeUpdateManagerImpl  I CWWKE1101I: Server quiesce complete.
[11.10.2022, 16:55:24:780 CEST] 0000005c com.ibm.ws.app.manager.AppMessageHelper                      A CWWKZ0009I: The application Shipyard-1.0-SNAPSHOT has stopped successfully.
[11.10.2022, 16:55:24:979 CEST] 00000001 com.ibm.ws.kernel.launch.internal.FrameworkManager           A CWWKE0036I: The server defaultServer stopped after 11,333 seconds.
